Eck Playwright Scraper Service running on port 3211
[OPAL] Parsed: OCU-998-512895 - InBody Deutschland
[OPAL] Fetched 1 orders
[OPAL] Parsed: OCU-998-513065 - InBody Deutschland
[OPAL] Fetched 1 orders
[OPAL] Parsed: OCU-998-513065 - InBody Deutschland
[OPAL] Fetched 1 orders
[OPAL] Parsed: OCU-998-513065 - InBody Deutschland
[OPAL] Fetched 1 orders
[OPAL] Parsed: OCU-998-513065 - InBody Deutschland
[OPAL] Fetched 1 orders
[OPAL] Parsed: OCU-998-513065 - InBody Deutschland
[OPAL] Parsed: OCU-998-512895 - InBody Deutschland
[OPAL] Parsed: OCU-998-512712 - InBody Deutschland
[OPAL] Parsed: OCU-998-512751 - Clever Fit Holzgerlingen
[OPAL] Parsed: OCU-998-512694 - SC Staig
[OPAL] Parsed: OCU-998-512600 - InBody Deutschland
[OPAL] Parsed: OCU-998-512573 - Ernährungsberatung Simone Pfrommer
[OPAL] Parsed: OCU-998-512379 - InBody Deutschland
[OPAL] Parsed: OCU-998-512547 - Bundesgesellschaft für Endlagerung GmbH
[OPAL] Parsed: OCU-998-512436 - Dörthe Hölper
[OPAL] Parsed:  - Doktor Bernd Hölper
[OPAL] Parsed: OCU-998-512360 - Sportsfreund Fitness Oststeinbek
[OPAL] Parsed: OCU-998-512328 - Life Fit & Vital GmbH
[OPAL] Parsed: OCU-998-512331 - In Body Deutschland
[OPAL] Parsed: OCU-998-512300 - InBody Deutschland
[OPAL] Parsed: OCU-998-512149 - InBody Deutschland
[OPAL] Parsed: OCU-998-512148 - InBody Deutschland
[OPAL] Parsed: OCU-998-512150 - Rückgrat Fitness und Wellness
[OPAL] Parsed: OCU-998-512037 - Claudia Kobs
[OPAL] Parsed: OCU-998-511590 - Fitness Park Stuhr
[OPAL] Parsed: OCU-998-511484 - InBody Deutschland
[OPAL] Parsed: OCU-998-511436 - InBody Deutschland
[OPAL] Parsed: OCU-998-511413 - InBody Deutschland
[OPAL] Parsed: OCU-998-511439 - Life Park Max
[OPAL] Parsed: OCU-998-511217 - PHYSIOMed Hecker gesundheitszentrum
[OPAL] Parsed: OCU-998-511138 - InBody Deutschland
[OPAL] Parsed: OCU-998-511131 - InBody Deutschland
[OPAL] Parsed: OCU-998-511089 - Fitbox Berlin Bergmannkiez
[OPAL] Parsed:  - InBody Deutschland
[OPAL] Parsed: OCU-998-510703 - InBody Deutschland
[OPAL] Parsed: OCU-998-510729 - Myleo CrossFit
[OPAL] Parsed: OCU-998-510727 - Injoy Dettingen Hirsch & Fritz GBR
[OPAL] Parsed: OCU-998-510725 - Prime Time Fitness
[OPAL] Parsed: OCU-998-510722 - Sportsfreund Fitness Oststeinbek GmbH
[OPAL] Parsed: OCU-998-510581 - Fitnessstudio Arena 22
[OPAL] Parsed: OCU-998-510368 - InBody Deutschland
[OPAL] Parsed: OCU-998-510397 - KONA Trade GmbH
[OPAL] Parsed: OCU-998-510376 - Orthopädie und Sport
[OPAL] Parsed: OCU-998-510207 - InBody Deutschland
[OPAL] Parsed: OCU-998-510113 - Inbody Europe B.V.
[OPAL] Parsed: OCU-998-509999 - InBody Deutschland
[OPAL] Parsed: OCU-998-509996 - InBody Deutschland
[OPAL] Parsed: OCU-998-509865 - InBody Deutschland
[OPAL] Parsed: OCU-998-509866 - Fitness&Wellness&Gesundheit GmbH
[OPAL] Parsed: OCU-998-509621 - ML-Sportwelt
[OPAL] Parsed: OCU-998-509569 - Praxis Dr. Nikola Blajic
[OPAL] Parsed: OCU-998-509479 - Logo Fit
[OPAL] Parsed: OCU-998-509426 - Inbody Europe B.V.
[OPAL] Parsed: OCU-998-509242 - InBody Deutschland
[OPAL] Parsed: OCU-998-509241 - InBody Deutschland
[OPAL] Fetched 50 orders
